4 4 0.001000000000 seconds.
4 4 0.000000000000 seconds.
1 4 0.001000000000 seconds.
1 3 0.000000000000 seconds.
1 4 0.000000000000 seconds.
9 9 0.000000000000 seconds.
1 4 0.000000000000 seconds.
1 4 0.000000000000 seconds.
1 3 0.000000000000 seconds.
1 2 0.000000000000 seconds.
1 1 0.000000000000 seconds.
4 6 0.000000000000 seconds.
1 4 0.000000000000 seconds.
4 6 0.000000000000 seconds.
4 5 0.000000000000 seconds.
1 1 0.000000000000 seconds.
1 4 0.000000000000 seconds.
4 6 0.000000000000 seconds.
4 6 0.000000000000 seconds.
1 3 0.000000000000 seconds.
4 4 0.000000000000 seconds.
1 4 0.000000000000 seconds.
1 2 0.000000000000 seconds.
1 2 0.000000000000 seconds.
4 6 0.000000000000 seconds.
1 4 0.000000000000 seconds.
4 4 0.000000000000 seconds.
4 4 0.000000000000 seconds.
4 6 0.000000000000 seconds.
4 5 0.000000000000 seconds.
4 6 0.000000000000 seconds.
4 5 0.000000000000 seconds.
1 4 0.000000000000 seconds.
1 1 0.000000000000 seconds.
1 3 0.000000000000 seconds.
4 4 0.000000000000 seconds.
4 4 0.000000000000 seconds.
1 2 0.000000000000 seconds.
4 4 0.000000000000 seconds.
4 6 0.000000000000 seconds.
1 2 0.000000000000 seconds.
1 1 0.000000000000 seconds.
4 4 0.001000000000 seconds.
4 12 0.000000000000 seconds.
4 5 0.000000000000 seconds.
1 3 0.000000000000 seconds.
1 1 0.000000000000 seconds.
4 4 0.000000000000 seconds.
4 6 0.000000000000 seconds.
1 2 0.000000000000 seconds.
4 8 0.000000000000 seconds.
0 0 0.000000000000 seconds.
4 6 0.000000000000 seconds.
4 5 0.000000000000 seconds.
1 3 0.000000000000 seconds.
9 9 0.000000000000 seconds.
1 2 0.000000000000 seconds.
1 5 0.001000000000 seconds.
1 4 0.000000000000 seconds.
1 2 0.000000000000 seconds.
1 3 0.000000000000 seconds.
1 1 0.000000000000 seconds.
1 3 0.000000000000 seconds.
1 2 0.000000000000 seconds.
4 8 0.000000000000 seconds.
1 3 0.000000000000 seconds.
4 4 0.000000000000 seconds.
1 1 0.000000000000 seconds.
4 8 0.000000000000 seconds.
1 4 0.000000000000 seconds.
1 3 0.000000000000 seconds.
1 2 0.000000000000 seconds.
1 5 0.000000000000 seconds.
1 3 0.000000000000 seconds.
4 4 0.000000000000 seconds.
4 8 0.000000000000 seconds.
1 1 0.000000000000 seconds.
1 3 0.000000000000 seconds.
1 3 0.000000000000 seconds.
4 5 0.000000000000 seconds.
4 6 0.000000000000 seconds.
1 3 0.000000000000 seconds.
1 7 0.000000000000 seconds.
4 8 0.000000000000 seconds.
4 4 0.000000000000 seconds.
4 5 0.000000000000 seconds.
4 6 0.000000000000 seconds.
4 8 0.000000000000 seconds.
1 0 0.000000000000 seconds.
1 3 0.000000000000 seconds.
4 4 0.000000000000 seconds.
4 6 0.000000000000 seconds.
0 0 0.000000000000 seconds.
1 2 0.000000000000 seconds.
1 3 0.000000000000 seconds.
1 2 0.000000000000 seconds.
1 6 0.000000000000 seconds.
9 9 0.000000000000 seconds.
1 2 0.000000000000 seconds.
4 4 0.000000000000 seconds.
16 16 0.006000000000 seconds.
4 6 0.000000000000 seconds.
9 16 0.003000000000 seconds.
4 10 0.001000000000 seconds.
9 15 0.002000000000 seconds.
9 15 0.004000000000 seconds.
9 11 0.001000000000 seconds.
4 8 0.000000000000 seconds.
9 14 0.002000000000 seconds.
9 15 0.002000000000 seconds.
9 10 0.001000000000 seconds.
9 12 0.001000000000 seconds.
9 11 0.000000000000 seconds.
4 8 0.001000000000 seconds.
9 15 0.003000000000 seconds.
9 12 0.001000000000 seconds.
4 10 0.000000000000 seconds.
9 12 0.001000000000 seconds.
9 14 0.001000000000 seconds.
4 13 0.002000000000 seconds.
9 15 0.001000000000 seconds.
9 14 0.002000000000 seconds.
9 9 0.000000000000 seconds.
9 11 0.000000000000 seconds.
9 12 0.001000000000 seconds.
4 8 0.000000000000 seconds.
16 16 0.003000000000 seconds.
9 12 0.001000000000 seconds.
4 8 0.001000000000 seconds.
9 10 0.001000000000 seconds.
9 12 0.004000000000 seconds.
16 16 0.003000000000 seconds.
4 8 0.000000000000 seconds.
4 11 0.000000000000 seconds.
4 10 0.000000000000 seconds.
9 15 0.002000000000 seconds.
9 17 0.001000000000 seconds.
9 12 0.000000000000 seconds.
1 6 0.000000000000 seconds.
4 8 0.000000000000 seconds.
16 16 0.003000000000 seconds.
9 14 0.002000000000 seconds.
9 10 0.000000000000 seconds.
9 15 0.005000000000 seconds.
4 6 0.000000000000 seconds.
9 13 0.001000000000 seconds.
9 12 0.001000000000 seconds.
9 14 0.003000000000 seconds.
1 5 0.000000000000 seconds.
9 12 0.001000000000 seconds.
9 13 0.001000000000 seconds.
9 9 0.001000000000 seconds.
16 16 0.001000000000 seconds.
9 11 0.000000000000 seconds.
9 12 0.000000000000 seconds.
9 15 0.001000000000 seconds.
4 10 0.001000000000 seconds.
9 12 0.001000000000 seconds.
9 14 0.001000000000 seconds.
9 10 0.001000000000 seconds.
4 8 0.000000000000 seconds.
9 10 0.001000000000 seconds.
4 8 0.000000000000 seconds.
9 13 0.001000000000 seconds.
9 12 0.002000000000 seconds.
4 10 0.000000000000 seconds.
9 11 0.000000000000 seconds.
16 16 0.000000000000 seconds.
9 12 0.001000000000 seconds.
9 14 0.000000000000 seconds.
4 7 0.000000000000 seconds.
9 12 0.000000000000 seconds.
9 14 0.000000000000 seconds.
9 15 0.000000000000 seconds.
9 12 0.001000000000 seconds.
9 18 0.002000000000 seconds.
4 9 0.000000000000 seconds.
9 12 0.001000000000 seconds.
9 13 0.000000000000 seconds.
9 12 0.000000000000 seconds.
9 14 0.000000000000 seconds.
9 12 0.001000000000 seconds.
9 15 0.001000000000 seconds.
4 10 0.000000000000 seconds.
9 12 0.000000000000 seconds.
9 10 0.000000000000 seconds.
9 12 0.000000000000 seconds.
9 10 0.000000000000 seconds.
4 8 0.000000000000 seconds.
9 12 0.001000000000 seconds.
9 13 0.000000000000 seconds.
4 10 0.000000000000 seconds.
1 7 0.000000000000 seconds.
9 14 0.000000000000 seconds.
4 6 0.000000000000 seconds.
9 16 0.001000000000 seconds.
9 15 0.001000000000 seconds.
9 12 0.000000000000 seconds.
9 14 0.000000000000 seconds.
9 15 0.000000000000 seconds.
16 22 0.011000000000 seconds.
16 24 0.025000000000 seconds.
16 20 0.013000000000 seconds.
16 18 0.018000000000 seconds.
9 18 0.002000000000 seconds.
9 18 0.004000000000 seconds.
9 20 0.000000000000 seconds.
16 18 0.007000000000 seconds.
16 21 0.019000000000 seconds.
16 20 0.017000000000 seconds.
9 15 0.000000000000 seconds.
16 20 0.001000000000 seconds.
16 24 0.020000000000 seconds.
16 20 0.007000000000 seconds.
16 21 0.035000000000 seconds.
9 16 0.002000000000 seconds.
9 16 0.006000000000 seconds.
9 14 0.001000000000 seconds.
9 17 0.005000000000 seconds.
16 19 0.017000000000 seconds.
16 22 0.008000000000 seconds.
16 20 0.021000000000 seconds.
16 18 0.011000000000 seconds.
16 22 0.050000000000 seconds.
16 16 0.005000000000 seconds.
16 18 0.003000000000 seconds.
16 20 0.024000000000 seconds.
16 20 0.014000000000 seconds.
16 18 0.004000000000 seconds.
9 20 0.003000000000 seconds.
16 20 0.007000000000 seconds.
9 16 0.001000000000 seconds.
9 16 0.001000000000 seconds.
16 18 0.005000000000 seconds.
9 20 0.003000000000 seconds.
16 20 0.003000000000 seconds.
16 24 0.003000000000 seconds.
16 16 0.001000000000 seconds.
16 20 0.011000000000 seconds.
16 21 0.008000000000 seconds.
16 24 0.032000000000 seconds.
16 19 0.023000000000 seconds.
16 21 0.022000000000 seconds.
16 22 0.007000000000 seconds.
16 17 0.002000000000 seconds.
16 21 0.020000000000 seconds.
16 22 0.013000000000 seconds.
9 22 0.003000000000 seconds.
16 19 0.009000000000 seconds.
9 13 0.000000000000 seconds.
9 20 0.006000000000 seconds.
16 20 0.009000000000 seconds.
16 20 0.022000000000 seconds.
9 16 0.003000000000 seconds.
16 18 0.012000000000 seconds.
16 21 0.011000000000 seconds.
9 15 0.001000000000 seconds.
16 18 0.006000000000 seconds.
9 18 0.005000000000 seconds.
16 22 0.024000000000 seconds.
16 18 0.028000000000 seconds.
16 20 0.010000000000 seconds.
16 20 0.031000000000 seconds.
9 19 0.003000000000 seconds.
16 20 0.018000000000 seconds.
4 10 0.000000000000 seconds.
9 22 0.001000000000 seconds.
16 21 0.016000000000 seconds.
25 25 0.020000000000 seconds.
16 22 0.033000000000 seconds.
16 18 0.007000000000 seconds.
16 22 0.013000000000 seconds.
16 22 0.008000000000 seconds.
9 18 0.002000000000 seconds.
9 15 0.001000000000 seconds.
16 20 0.012000000000 seconds.
16 24 0.033000000000 seconds.
16 21 0.010000000000 seconds.
16 20 0.011000000000 seconds.
16 20 0.006000000000 seconds.
16 21 0.008000000000 seconds.
9 12 0.000000000000 seconds.
9 20 0.002000000000 seconds.
9 18 0.003000000000 seconds.
16 21 0.010000000000 seconds.
16 21 0.008000000000 seconds.
9 18 0.005000000000 seconds.
16 20 0.063000000000 seconds.
9 15 0.001000000000 seconds.
16 16 0.001000000000 seconds.
16 20 0.020000000000 seconds.
16 19 0.006000000000 seconds.
9 18 0.004000000000 seconds.
9 12 0.000000000000 seconds.
16 18 0.010000000000 seconds.
16 18 0.011000000000 seconds.
16 20 0.005000000000 seconds.
16 20 0.007000000000 seconds.
16 18 0.008000000000 seconds.
9 14 0.000000000000 seconds.
