4 4 0.000000000000 seconds.
4 4 0.000000000000 seconds.
1 4 0.000000000000 seconds.
1 3 0.000000000000 seconds.
1 4 0.001000000000 seconds.
9 9 0.001000000000 seconds.
1 4 0.001000000000 seconds.
1 4 0.000000000000 seconds.
1 3 0.000000000000 seconds.
1 2 0.000000000000 seconds.
1 1 0.000000000000 seconds.
4 6 0.000000000000 seconds.
1 4 0.000000000000 seconds.
4 6 0.001000000000 seconds.
4 5 0.000000000000 seconds.
1 1 0.000000000000 seconds.
1 4 0.001000000000 seconds.
4 6 0.000000000000 seconds.
4 6 0.001000000000 seconds.
1 3 0.000000000000 seconds.
4 4 0.000000000000 seconds.
1 4 0.000000000000 seconds.
1 2 0.000000000000 seconds.
1 2 0.000000000000 seconds.
4 6 0.000000000000 seconds.
1 4 0.000000000000 seconds.
4 4 0.001000000000 seconds.
4 4 0.000000000000 seconds.
4 6 0.000000000000 seconds.
4 5 0.001000000000 seconds.
4 6 0.000000000000 seconds.
4 5 0.000000000000 seconds.
1 4 0.000000000000 seconds.
1 1 0.000000000000 seconds.
1 3 0.000000000000 seconds.
4 4 0.000000000000 seconds.
4 4 0.000000000000 seconds.
1 2 0.000000000000 seconds.
4 4 0.000000000000 seconds.
4 6 0.001000000000 seconds.
1 2 0.000000000000 seconds.
1 1 0.000000000000 seconds.
4 4 0.001000000000 seconds.
4 12 0.001000000000 seconds.
4 5 0.001000000000 seconds.
1 3 0.000000000000 seconds.
1 1 0.000000000000 seconds.
4 4 0.000000000000 seconds.
4 6 0.000000000000 seconds.
1 2 0.000000000000 seconds.
4 8 0.000000000000 seconds.
0 0 0.000000000000 seconds.
4 6 0.000000000000 seconds.
4 5 0.000000000000 seconds.
1 3 0.000000000000 seconds.
9 9 0.000000000000 seconds.
1 2 0.000000000000 seconds.
1 5 0.000000000000 seconds.
1 4 0.000000000000 seconds.
1 2 0.000000000000 seconds.
1 3 0.000000000000 seconds.
1 1 0.000000000000 seconds.
1 3 0.000000000000 seconds.
1 2 0.000000000000 seconds.
4 8 0.000000000000 seconds.
1 3 0.000000000000 seconds.
4 4 0.000000000000 seconds.
1 1 0.000000000000 seconds.
4 8 0.000000000000 seconds.
1 4 0.001000000000 seconds.
1 3 0.000000000000 seconds.
1 2 0.000000000000 seconds.
1 5 0.000000000000 seconds.
1 3 0.000000000000 seconds.
4 4 0.000000000000 seconds.
4 8 0.001000000000 seconds.
1 1 0.000000000000 seconds.
1 3 0.000000000000 seconds.
1 3 0.000000000000 seconds.
4 5 0.001000000000 seconds.
4 6 0.000000000000 seconds.
1 3 0.001000000000 seconds.
1 7 0.000000000000 seconds.
4 8 0.000000000000 seconds.
4 4 0.000000000000 seconds.
4 5 0.000000000000 seconds.
4 6 0.000000000000 seconds.
4 8 0.000000000000 seconds.
0 0 0.000000000000 seconds.
1 3 0.000000000000 seconds.
4 4 0.000000000000 seconds.
4 6 0.001000000000 seconds.
0 0 0.000000000000 seconds.
1 2 0.000000000000 seconds.
1 3 0.000000000000 seconds.
1 2 0.000000000000 seconds.
1 6 0.000000000000 seconds.
9 9 0.001000000000 seconds.
1 2 0.000000000000 seconds.
4 4 0.000000000000 seconds.
16 16 207.241000000000 seconds.
4 6 0.011000000000 seconds.
9 16 3.635000000000 seconds.
4 10 0.117000000000 seconds.
9 15 20.104000000000 seconds.
9 15 88.185000000000 seconds.
9 11 2.522000000000 seconds.
4 8 0.028000000000 seconds.
9 14 21.416000000000 seconds.
9 15 6.952000000000 seconds.
9 10 1.841000000000 seconds.
9 12 0.012000000000 seconds.
9 11 0.047000000000 seconds.
4 8 0.264000000000 seconds.
9 15 73.432000000000 seconds.
9 12 1.836000000000 seconds.
4 10 0.044000000000 seconds.
9 12 1.330000000000 seconds.
9 14 0.122000000000 seconds.
4 13 1.935000000000 seconds.
9 15 5.890000000000 seconds.
9 14 6.986000000000 seconds.
9 9 0.046000000000 seconds.
9 11 0.040000000000 seconds.
9 12 0.148000000000 seconds.
4 8 0.019000000000 seconds.
16 16 0.970000000000 seconds.
9 12 0.680000000000 seconds.
4 8 0.044000000000 seconds.
9 10 1.238000000000 seconds.
9 12 67.815000000000 seconds.
16 16 27.326000000000 seconds.
4 8 0.001000000000 seconds.
4 11 0.263000000000 seconds.
4 10 0.002000000000 seconds.
9 15 18.792000000000 seconds.
9 17 5.210000000000 seconds.
9 12 0.081000000000 seconds.
1 6 0.000000000000 seconds.
4 8 0.002000000000 seconds.
16 16 29.636000000000 seconds.
9 14 24.206000000000 seconds.
9 10 0.561000000000 seconds.
9 15 172.261000000000 seconds.
4 6 0.000000000000 seconds.
9 13 1.211000000000 seconds.
9 12 3.422000000000 seconds.
9 14 32.826000000000 seconds.
1 5 0.000000000000 seconds.
9 12 1.004000000000 seconds.
9 13 6.032000000000 seconds.
9 9 0.146000000000 seconds.
16 16 4.623000000000 seconds.
9 11 1.603000000000 seconds.
9 12 0.288000000000 seconds.
9 15 3.688000000000 seconds.
4 10 0.651000000000 seconds.
9 12 0.497000000000 seconds.
9 14 0.748000000000 seconds.
9 10 0.298000000000 seconds.
4 8 0.003000000000 seconds.
9 10 2.018000000000 seconds.
4 8 0.008000000000 seconds.
9 13 0.445000000000 seconds.
9 12 47.947000000000 seconds.
4 10 0.300000000000 seconds.
9 11 4.989000000000 seconds.
16 16 0.853000000000 seconds.
9 12 1.739000000000 seconds.
9 14 5.442000000000 seconds.
4 7 0.003000000000 seconds.
9 12 2.089000000000 seconds.
9 14 1.760000000000 seconds.
9 15 32.751000000000 seconds.
9 12 14.716000000000 seconds.
9 18 7.042000000000 seconds.
4 9 0.130000000000 seconds.
9 12 12.401000000000 seconds.
9 13 4.241000000000 seconds.
9 12 63.224000000000 seconds.
9 14 7.360000000000 seconds.
9 12 7.707000000000 seconds.
9 15 103.592000000000 seconds.
4 10 0.447000000000 seconds.
9 12 20.523000000000 seconds.
9 10 0.615000000000 seconds.
9 12 23.000000000000 seconds.
9 10 5.467000000000 seconds.
4 8 0.004000000000 seconds.
9 12 16.122000000000 seconds.
9 13 34.994000000000 seconds.
4 10 0.025000000000 seconds.
1 7 0.000000000000 seconds.
9 14 24.882000000000 seconds.
4 6 0.001000000000 seconds.
9 16 210.503000000000 seconds.
9 15 52.189000000000 seconds.
9 12 146.009000000000 seconds.
9 14 15.789000000000 seconds.
9 15 6.015000000000 seconds.
