[hci.stanford.edu/msb/index.html]
[backblue.gif]
[fade.gif]
[index.html]
[hci.stanford.edu/msb/css/bootstrap.css]
[hci.stanford.edu/msb/css/msb.css]
[hci.stanford.edu/msb/img/msb-hoover.jpg]
[hci.stanford.edu/msb/.html]
[hci.stanford.edu/msb/faq/index.html]
[hci.stanford.edu/msb/files/msb-cv.pdf]
[hci.stanford.edu/msb/publications/index.html]
[hci.stanford.edu/msb/index.html]
[hci.stanford.edu/msb/js/msb.js]
[hci.stanford.edu/msb/css/bootstrap.css]
[hci.stanford.edu/msb/css/msb.css]
[hci.stanford.edu/msb/.html]
[hci.stanford.edu/msb/js/bootstrap.js]
[hci.stanford.edu/msb/publications/index.html]
[hci.stanford.edu/msb/faq/index.html]
[hci.stanford.edu/msb/fonts/glyphicons-halflings-regular.html]
[hci.stanford.edu/msb/fonts/glyphicons-halflings-regulard41d.html]
[hci.stanford.edu/msb/fonts/glyphicons-halflings-regular-2.html]
[hci.stanford.edu/msb/fonts/glyphicons-halflings-regular-3.html]
[hci.stanford.edu/msb/fonts/glyphicons-halflings-regular.svg]
